#
# There is insufficient memory for the Java Runtime Environment to continue.
# Native memory allocation (malloc) failed to allocate 1048576 bytes. Error detail: AllocateHeap
# Possible reasons:
#   The system is out of physical RAM or swap space
#   This process is running with CompressedOops enabled, and the Java Heap may be blocking the growth of the native heap
# Possible solutions:
#   Reduce memory load on the system
#   Increase physical memory or swap space
#   Check if swap backing store is full
#   Decrease Java heap size (-Xmx/-Xms)
#   Decrease number of Java threads
#   Decrease Java thread stack sizes (-Xss)
#   Set larger code cache with -XX:ReservedCodeCacheSize=
#   JVM is running with Unscaled Compressed Oops mode in which the Java heap is
#     placed in the first 4GB address space. The Java Heap base address is the
#     maximum limit for the native heap growth. Please use -XX:HeapBaseMinAddress
#     to set the Java Heap base and to place the Java Heap above 4GB virtual address.
# This output file may be truncated or incomplete.
#
#  Out of Memory Error (allocation.cpp:44), pid=17612, tid=19776
#
# JRE version: OpenJDK Runtime Environment Temurin-21.0.10+7 (21.0.10+7) (build 21.0.10+7-LTS)
# Java VM: OpenJDK 64-Bit Server VM Temurin-21.0.10+7 (21.0.10+7-LTS, mixed mode, tiered, compressed oops, compressed class ptrs, parallel gc, windows-amd64)
# No core dump will be written. Minidumps are not enabled by default on client versions of Windows
#

---------------  S U M M A R Y ------------

Command Line: --add-modules=ALL-SYSTEM --add-opens=java.base/java.util=ALL-UNNAMED --add-opens=java.base/java.lang=ALL-UNNAMED --add-opens=java.base/sun.nio.fs=ALL-UNNAMED -Declipse.application=org.eclipse.jdt.ls.core.id1 -Dosgi.bundles.defaultStartLevel=4 -Declipse.product=org.eclipse.jdt.ls.core.product -Djava.import.generatesMetadataFilesAtProjectRoot=false -DDetectVMInstallationsJob.disabled=true -Dfile.encoding=utf8 -XX:+UseParallelGC -XX:GCTimeRatio=4 -XX:AdaptiveSizePolicyWeight=90 -Dsun.zip.disableMemoryMapping=true -Xmx2G -Xms100m -Xlog:disable -javaagent:c:\Users\Bruno\.vscode\extensions\redhat.java-1.54.2026032008-win32-x64\lombok\lombok-1.18.39-4050.jar -XX:+HeapDumpOnOutOfMemoryError -XX:HeapDumpPath=c:\Users\Bruno\AppData\Roaming\Code\User\workspaceStorage\acb672938173eb4d4f9505e9f7b36360\redhat.java -Daether.dependencyCollector.impl=bf -XX:+UnlockDiagnosticVMOptions -XX:+AllowArchivingWithJavaAgent -XX:+AutoCreateSharedArchive -XX:SharedArchiveFile=c:\Users\Bruno\AppData\Roaming\Code\User\globalStorage\redhat.java\1.54.2026032008\jdtls.jsa c:\Users\Bruno\.vscode\extensions\redhat.java-1.54.2026032008-win32-x64\server\plugins\org.eclipse.equinox.launcher_1.7.100.v20251111-0406.jar -configuration c:\Users\Bruno\AppData\Roaming\Code\User\globalStorage\redhat.java\1.54.2026032008\config_win -data c:\Users\Bruno\AppData\Roaming\Code\User\workspaceStorage\acb672938173eb4d4f9505e9f7b36360\redhat.java\jdt_ws --pipe=\\.\pipe\lsp-3b293f5ba63b5b99d56f9903274d7b6b-sock

Host: AMD Ryzen 5 2600 Six-Core Processor            , 12 cores, 15G,  Windows 11 , 64 bit Build 26100 (10.0.26100.7920)
Time: Tue Mar 24 14:32:54 2026 Bahia Standard Time elapsed time: 25.535530 seconds (0d 0h 0m 25s)

---------------  T H R E A D  ---------------

Current thread (0x00000239e1b6e150):  JavaThread "Attach Listener" daemon [_thread_in_vm, id=19776, stack(0x0000004b58d00000,0x0000004b58e00000) (1024K)]

Stack: [0x0000004b58d00000,0x0000004b58e00000]
Native frames: (J=compiled Java code, j=interpreted, Vv=VM code, C=native code)
V  [jvm.dll+0x6d7a39]
V  [jvm.dll+0x8b4b26]
V  [jvm.dll+0x8b70de]
V  [jvm.dll+0x8b77c3]
V  [jvm.dll+0x284346]
V  [jvm.dll+0xc1277]
V  [jvm.dll+0x6d82e9]
V  [jvm.dll+0x1334a6]
V  [jvm.dll+0x3f857e]
V  [jvm.dll+0x85f59d]
V  [jvm.dll+0x6d626d]
C  [ucrtbase.dll+0x37b0]
C  [KERNEL32.DLL+0x2e8d7]
C  [ntdll.dll+0x8c48c]


---------------  P R O C E S S  ---------------

Threads class SMR info:
_java_thread_list=0x00000239f2d67a70, length=54, elements={
0x00000239c639cbe0, 0x00000239e1b856e0, 0x00000239e1b62c00, 0x00000239e1b951d0,
0x00000239e1b6e150, 0x00000239e1b87660, 0x00000239e1b880c0, 0x00000239e1b9b090,
0x00000239e1bb25b0, 0x00000239e1e9cf40, 0x00000239e324f570, 0x00000239e34708b0,
0x00000239e3a24c20, 0x00000239e3c71280, 0x00000239e3c71cf0, 0x00000239e3ffedc0,
0x00000239e3bf99e0, 0x00000239e4281e70, 0x00000239e43dcaa0, 0x00000239e43dde50,
0x00000239e43db060, 0x00000239e43dd7c0, 0x00000239e43dc410, 0x00000239e43de4e0,
0x00000239e43db6f0, 0x00000239e43dd130, 0x00000239e43dbd80, 0x00000239e7b150f0,
0x00000239e7b14a60, 0x00000239e7b164a0, 0x00000239e7b15780, 0x00000239e7b143d0,
0x00000239e7b15e10, 0x00000239e7b13020, 0x00000239e7b16b30, 0x00000239e7b136b0,
0x00000239e7b13d40, 0x00000239e7b171c0, 0x00000239e7b19fb0, 0x00000239e7b17850,
0x00000239e7b1a640, 0x00000239e7b18570, 0x00000239e7b19920, 0x00000239e7b17ee0,
0x00000239e7b18c00, 0x00000239e7b19290, 0x00000239e501c7f0, 0x00000239e501ce80,
0x00000239e501c160, 0x00000239e501d510, 0x00000239e501adb0, 0x00000239e501dba0,
0x00000239e6c23790, 0x00000239f20a5100
}

Java Threads: ( => current thread )
  0x00000239c639cbe0 JavaThread "main"                              [_thread_blocked, id=20312, stack(0x0000004b58600000,0x0000004b58700000) (1024K)]
  0x00000239e1b856e0 JavaThread "Reference Handler"          daemon [_thread_blocked, id=20140, stack(0x0000004b58a00000,0x0000004b58b00000) (1024K)]
  0x00000239e1b62c00 JavaThread "Finalizer"                  daemon [_thread_blocked, id=13784, stack(0x0000004b58b00000,0x0000004b58c00000) (1024K)]
  0x00000239e1b951d0 JavaThread "Signal Dispatcher"          daemon [_thread_blocked, id=10532, stack(0x0000004b58c00000,0x0000004b58d00000) (1024K)]
=>0x00000239e1b6e150 JavaThread "Attach Listener"            daemon [_thread_in_vm, id=19776, stack(0x0000004b58d00000,0x0000004b58e00000) (1024K)]
  0x00000239e1b87660 JavaThread "Service Thread"             daemon [_thread_blocked, id=12452, stack(0x0000004b58e00000,0x0000004b58f00000) (1024K)]
  0x00000239e1b880c0 JavaThread "Monitor Deflation Thread"   daemon [_thread_blocked, id=16028, stack(0x0000004b58f00000,0x0000004b59000000) (1024K)]
  0x00000239e1b9b090 JavaThread "C2 CompilerThread0"         daemon [_thread_blocked, id=13884, stack(0x0000004b59000000,0x0000004b59100000) (1024K)]
  0x00000239e1bb25b0 JavaThread "C1 CompilerThread0"         daemon [_thread_blocked, id=20580, stack(0x0000004b59100000,0x0000004b59200000) (1024K)]
  0x00000239e1e9cf40 JavaThread "Common-Cleaner"             daemon [_thread_blocked, id=21244, stack(0x0000004b59200000,0x0000004b59300000) (1024K)]
  0x00000239e324f570 JavaThread "Notification Thread"        daemon [_thread_blocked, id=20368, stack(0x0000004b59400000,0x0000004b59500000) (1024K)]
  0x00000239e34708b0 JavaThread "Active Thread: Equinox Container: b34575b9-936c-4422-b93c-b71cdb6ce162"        [_thread_blocked, id=14544, stack(0x0000004b59c00000,0x0000004b59d00000) (1024K)]
  0x00000239e3a24c20 JavaThread "Refresh Thread: Equinox Container: b34575b9-936c-4422-b93c-b71cdb6ce162" daemon [_thread_blocked, id=4852, stack(0x0000004b59e00000,0x0000004b59f00000) (1024K)]
  0x00000239e3c71280 JavaThread "Framework Event Dispatcher: Equinox Container: b34575b9-936c-4422-b93c-b71cdb6ce162" daemon [_thread_blocked, id=15508, stack(0x0000004b59f00000,0x0000004b5a000000) (1024K)]
  0x00000239e3c71cf0 JavaThread "Start Level: Equinox Container: b34575b9-936c-4422-b93c-b71cdb6ce162" daemon [_thread_blocked, id=20700, stack(0x0000004b5a000000,0x0000004b5a100000) (1024K)]
  0x00000239e3ffedc0 JavaThread "Bundle File Closer"         daemon [_thread_blocked, id=12400, stack(0x0000004b5a300000,0x0000004b5a400000) (1024K)]
  0x00000239e3bf99e0 JavaThread "SCR Component Actor"        daemon [_thread_blocked, id=6556, stack(0x0000004b5a400000,0x0000004b5a500000) (1024K)]
  0x00000239e4281e70 JavaThread "Worker-JM"                         [_thread_blocked, id=15932, stack(0x0000004b5a500000,0x0000004b5a600000) (1024K)]
  0x00000239e43dcaa0 JavaThread "JNA Cleaner"                daemon [_thread_blocked, id=12612, stack(0x0000004b59500000,0x0000004b59600000) (1024K)]
  0x00000239e43dde50 JavaThread "Worker-0"                          [_thread_blocked, id=11908, stack(0x0000004b5a600000,0x0000004b5a700000) (1024K)]
  0x00000239e43db060 JavaThread "Worker-1"                          [_thread_blocked, id=15316, stack(0x0000004b5a700000,0x0000004b5a800000) (1024K)]
  0x00000239e43dd7c0 JavaThread "Java indexing"              daemon [_thread_blocked, id=21108, stack(0x0000004b5a900000,0x0000004b5aa00000) (1024K)]
  0x00000239e43dc410 JavaThread "Worker-2"                          [_thread_blocked, id=7372, stack(0x0000004b5ad00000,0x0000004b5ae00000) (1024K)]
  0x00000239e43de4e0 JavaThread "Worker-3"                          [_thread_blocked, id=15208, stack(0x0000004b5ae00000,0x0000004b5af00000) (1024K)]
  0x00000239e43db6f0 JavaThread "Worker-4"                          [_thread_blocked, id=3408, stack(0x0000004b5af00000,0x0000004b5b000000) (1024K)]
  0x00000239e43dd130 JavaThread "Thread-1"                   daemon [_thread_in_native, id=4696, stack(0x0000004b5b000000,0x0000004b5b100000) (1024K)]
  0x00000239e43dbd80 JavaThread "Thread-2"                   daemon [_thread_in_native, id=19948, stack(0x0000004b5b100000,0x0000004b5b200000) (1024K)]
  0x00000239e7b150f0 JavaThread "Thread-3"                   daemon [_thread_in_native, id=15672, stack(0x0000004b5b200000,0x0000004b5b300000) (1024K)]
  0x00000239e7b14a60 JavaThread "Thread-4"                   daemon [_thread_in_native, id=17320, stack(0x0000004b5b300000,0x0000004b5b400000) (1024K)]
  0x00000239e7b164a0 JavaThread "Thread-5"                   daemon [_thread_in_native, id=11812, stack(0x0000004b5b400000,0x0000004b5b500000) (1024K)]
  0x00000239e7b15780 JavaThread "Thread-6"                   daemon [_thread_in_native, id=8696, stack(0x0000004b5b500000,0x0000004b5b600000) (1024K)]
  0x00000239e7b143d0 JavaThread "Thread-7"                   daemon [_thread_in_native, id=10176, stack(0x0000004b5b600000,0x0000004b5b700000) (1024K)]
  0x00000239e7b15e10 JavaThread "Thread-8"                   daemon [_thread_in_native, id=5768, stack(0x0000004b5b700000,0x0000004b5b800000) (1024K)]
  0x00000239e7b13020 JavaThread "Thread-9"                   daemon [_thread_in_native, id=9868, stack(0x0000004b5b800000,0x0000004b5b900000) (1024K)]
  0x00000239e7b16b30 JavaThread "Thread-10"                  daemon [_thread_in_native, id=15876, stack(0x0000004b5b900000,0x0000004b5ba00000) (1024K)]
  0x00000239e7b136b0 JavaThread "Thread-11"                  daemon [_thread_in_native, id=4660, stack(0x0000004b5ba00000,0x0000004b5bb00000) (1024K)]
  0x00000239e7b13d40 JavaThread "Thread-12"                  daemon [_thread_in_native, id=20768, stack(0x0000004b5bb00000,0x0000004b5bc00000) (1024K)]
  0x00000239e7b171c0 JavaThread "Thread-13"                  daemon [_thread_in_native, id=12260, stack(0x0000004b5bc00000,0x0000004b5bd00000) (1024K)]
  0x00000239e7b19fb0 JavaThread "pool-2-thread-1"                   [_thread_blocked, id=15680, stack(0x0000004b5bd00000,0x0000004b5be00000) (1024K)]
  0x00000239e7b17850 JavaThread "WorkspaceEventsHandler"            [_thread_blocked, id=13188, stack(0x0000004b5be00000,0x0000004b5bf00000) (1024K)]
  0x00000239e7b1a640 JavaThread "pool-1-thread-1"                   [_thread_blocked, id=9984, stack(0x0000004b5bf00000,0x0000004b5c000000) (1024K)]
  0x00000239e7b18570 JavaThread "ForkJoinPool.commonPool-worker-1" daemon [_thread_blocked, id=15300, stack(0x0000004b5c000000,0x0000004b5c100000) (1024K)]
  0x00000239e7b19920 JavaThread "ForkJoinPool.commonPool-worker-2" daemon [_thread_blocked, id=1720, stack(0x0000004b5c100000,0x0000004b5c200000) (1024K)]
  0x00000239e7b17ee0 JavaThread "ForkJoinPool.commonPool-worker-3" daemon [_thread_blocked, id=18088, stack(0x0000004b5c200000,0x0000004b5c300000) (1024K)]
  0x00000239e7b18c00 JavaThread "ForkJoinPool.commonPool-worker-4" daemon [_thread_blocked, id=15972, stack(0x0000004b5c300000,0x0000004b5c400000) (1024K)]
  0x00000239e7b19290 JavaThread "ForkJoinPool.commonPool-worker-5" daemon [_thread_blocked, id=10492, stack(0x0000004b5c400000,0x0000004b5c500000) (1024K)]
  0x00000239e501c7f0 JavaThread "ForkJoinPool.commonPool-worker-6" daemon [_thread_blocked, id=16904, stack(0x0000004b5c500000,0x0000004b5c600000) (1024K)]
  0x00000239e501ce80 JavaThread "ForkJoinPool.commonPool-worker-7" daemon [_thread_blocked, id=15540, stack(0x0000004b5c600000,0x0000004b5c700000) (1024K)]
  0x00000239e501c160 JavaThread "ForkJoinPool.commonPool-worker-8" daemon [_thread_blocked, id=8972, stack(0x0000004b5c700000,0x0000004b5c800000) (1024K)]
  0x00000239e501d510 JavaThread "ForkJoinPool.commonPool-worker-9" daemon [_thread_blocked, id=16488, stack(0x0000004b5c800000,0x0000004b5c900000) (1024K)]
  0x00000239e501adb0 JavaThread "ForkJoinPool.commonPool-worker-10" daemon [_thread_blocked, id=16868, stack(0x0000004b5c900000,0x0000004b5ca00000) (1024K)]
  0x00000239e501dba0 JavaThread "ForkJoinPool.commonPool-worker-11" daemon [_thread_blocked, id=1612, stack(0x0000004b5ca00000,0x0000004b5cb00000) (1024K)]
  0x00000239e6c23790 JavaThread "C2 CompilerThread1"         daemon [_thread_blocked, id=20744, stack(0x0000004b59300000,0x0000004b59400000) (1024K)]
  0x00000239f20a5100 JavaThread "C2 CompilerThread2"         daemon [_thread_blocked, id=6100, stack(0x0000004b5a800000,0x0000004b5a900000) (1024K)]
Total: 54

Other Threads:
  0x00000239c6330580 VMThread "VM Thread"                           [id=20564, stack(0x0000004b58900000,0x0000004b58a00000) (1024K)]
  0x00000239c621cb20 WatcherThread "VM Periodic Task Thread"        [id=15856, stack(0x0000004b58800000,0x0000004b58900000) (1024K)]
  0x00000239c63ba9a0 WorkerThread "GC Thread#0"                     [id=20896, stack(0x0000004b58700000,0x0000004b58800000) (1024K)]
  0x00000239e3805240 WorkerThread "GC Thread#1"                     [id=17576, stack(0x0000004b59600000,0x0000004b59700000) (1024K)]
  0x00000239e3d88730 WorkerThread "GC Thread#2"                     [id=12000, stack(0x0000004b59700000,0x0000004b59800000) (1024K)]
  0x00000239e3d88ae0 WorkerThread "GC Thread#3"                     [id=15336, stack(0x0000004b59800000,0x0000004b59900000) (1024K)]
  0x00000239e3cddd10 WorkerThread "GC Thread#4"                     [id=1388, stack(0x0000004b59900000,0x0000004b59a00000) (1024K)]
  0x00000239e3cde0c0 WorkerThread "GC Thread#5"                     [id=18948, stack(0x0000004b59a00000,0x0000004b59b00000) (1024K)]
  0x00000239e3a81b90 WorkerThread "GC Thread#6"                     [id=13748, stack(0x0000004b59b00000,0x0000004b59c00000) (1024K)]
  0x00000239e3f6c110 WorkerThread "GC Thread#7"                     [id=21040, stack(0x0000004b59d00000,0x0000004b59e00000) (1024K)]
  0x00000239e40c1730 WorkerThread "GC Thread#8"                     [id=10924, stack(0x0000004b5a100000,0x0000004b5a200000) (1024K)]
  0x00000239e3c03000 WorkerThread "GC Thread#9"                     [id=13176, stack(0x0000004b5a200000,0x0000004b5a300000) (1024K)]
Total: 12

Threads with active compile tasks:
Total: 0

VM state: not at safepoint (normal execution)

VM Mutex/Monitor currently owned by a thread: None

Heap address: 0x0000000080000000, size: 2048 MB, Compressed Oops mode: 32-bit

CDS archive(s) not mapped
Compressed class space mapped at: 0x0000000100000000-0x0000000140000000, reserved size: 1073741824
Narrow klass base: 0x0000000000000000, Narrow klass shift: 3, Narrow klass range: 0x140000000

GC Precious Log:
 CardTable entry size: 512
 CPUs: 12 total, 12 available
 Memory: 16309M
 Large Page Support: Disabled
 NUMA Support: Disabled
 Compressed Oops: Enabled (32-bit)
 Alignments: Space 512K, Generation 512K, Heap 2M
 Heap Min Capacity: 100M
 Heap Initial Capacity: 100M
 Heap Max Capacity: 2G
 Pre-touch: Disabled
 Parallel Workers: 10

Heap:
 PSYoungGen      total 2048K, used 1077K [0x00000000d5580000, 0x00000000d5980000, 0x0000000100000000)
  eden space 1536K, 41% used [0x00000000d5580000,0x00000000d56202f0,0x00000000d5700000)
  from space 512K, 85% used [0x00000000d5880000,0x00000000d58ed2e0,0x00000000d5900000)
  to   space 512K, 0% used [0x00000000d5900000,0x00000000d5900000,0x00000000d5980000)
 ParOldGen       total 225280K, used 225090K [0x0000000080000000, 0x000000008dc00000, 0x00000000d5580000)
  object space 225280K, 99% used [0x0000000080000000,0x000000008dbd08d8,0x000000008dc00000)
 Metaspace       used 75048K, committed 76544K, reserved 1179648K
  class space    used 7802K, committed 8384K, reserved 1048576K

Card table byte_map: [0x00000239c5d30000,0x00000239c6140000] _byte_map_base: 0x00000239c5930000

Marking Bits: (ParMarkBitMap*) 0x00007ffccdd93450
 Begin Bits: [0x00000239d8840000, 0x00000239da840000)
 End Bits:   [0x00000239da840000, 0x00000239dc840000)

Polling page: 0x00000239c4190000

Metaspace:

Usage:
  Non-class:     65.67 MB used.
      Class:      7.62 MB used.
       Both:     73.29 MB used.

Virtual space:
  Non-class space:      128.00 MB reserved,      66.56 MB ( 52%) committed,  2 nodes.
      Class space:        1.00 GB reserved,       8.19 MB ( <1%) committed,  1 nodes.
             Both:        1.12 GB reserved,      74.75 MB (  6%) committed. 

Chunk freelists:
   Non-Class:  12.95 MB
       Class:  7.75 MB
        Both:  20.71 MB

MaxMetaspaceSize: unlimited
CompressedClassSpaceSize: 1.00 GB
Initial GC threshold: 21.00 MB
Current GC threshold: 97.31 MB
CDS: off
 - commit_granule_bytes: 65536.
 - commit_granule_words: 8192.
 - virtual_space_node_default_size: 8388608.
 - enlarge_chunks_in_place: 1.
 - use_allocation_guard: 0.


Internal statistics:

num_allocs_failed_limit: 9.
num_arena_births: 1244.
num_arena_deaths: 14.
num_vsnodes_births: 3.
num_vsnodes_deaths: 0.
num_space_committed: 1196.
num_space_uncommitted: 0.
num_chunks_returned_to_freelist: 23.
num_chunks_taken_from_freelist: 4345.
num_chunk_merges: 15.
num_chunk_splits: 2679.
num_chunks_enlarged: 1493.
num_inconsistent_stats: 0.

CodeHeap 'non-profiled nmethods': size=120000Kb used=8072Kb max_used=8072Kb free=111927Kb
 bounds [0x00000239d1060000, 0x00000239d1850000, 0x00000239d8590000]
CodeHeap 'profiled nmethods': size=120000Kb used=25408Kb max_used=25408Kb free=94591Kb
 bounds [0x00000239c9590000, 0x00000239cae70000, 0x00000239d0ac0000]
CodeHeap 'non-nmethods': size=5760Kb used=1430Kb max_used=1497Kb free=4329Kb
 bounds [0x00000239d0ac0000, 0x00000239d0d30000, 0x00000239d1060000]
CodeCache: size=245760Kb, used=34910Kb, max_used=34977Kb, free=210847Kb
 total_blobs=11745, nmethods=10995, adapters=656, full_count=0
Compilation: enabled, stopped_count=0, restarted_count=0

Compilation events (20 events):
Event: 22.058 Thread 0x00000239e1bb25b0 nmethod 11641 0x00000239cae5f010 code [0x00000239cae5f220, 0x00000239cae5f7b8]
Event: 22.058 Thread 0x00000239e1bb25b0 11645       1       org.eclipse.core.internal.resources.Workspace::getMarkerManager (5 bytes)
Event: 22.059 Thread 0x00000239e1bb25b0 nmethod 11645 0x00000239d1817a10 code [0x00000239d1817ba0, 0x00000239d1817c68]
Event: 22.059 Thread 0x00000239e1bb25b0 11644       3       java.util.stream.Stream::of (5 bytes)
Event: 22.059 Thread 0x00000239e1bb25b0 nmethod 11644 0x00000239cae5f990 code [0x00000239cae5fb60, 0x00000239cae5fdf0]
Event: 22.059 Thread 0x00000239e1bb25b0 11647       1       org.eclipse.jdt.internal.core.ImportDeclaration::getElementType (3 bytes)
Event: 22.059 Thread 0x00000239e1bb25b0 nmethod 11647 0x00000239d1817d10 code [0x00000239d1817ea0, 0x00000239d1817f68]
Event: 22.062 Thread 0x00000239e1bb25b0 11648       3       org.eclipse.core.runtime.jobs.Job::getJobGroup (5 bytes)
Event: 22.062 Thread 0x00000239e1bb25b0 nmethod 11648 0x00000239cae5ff90 code [0x00000239cae60120, 0x00000239cae60240]
Event: 22.064 Thread 0x00000239e6c23790 nmethod 11502 0x00000239d1818010 code [0x00000239d1818a60, 0x00000239d181fb70]
Event: 22.065 Thread 0x00000239e6c23790 11605       4       com.google.gson.internal.bind.TypeAdapterRuntimeTypeWrapper::write (80 bytes)
Event: 22.066 Thread 0x00000239f20a5100 nmethod 11587% 0x00000239d1823a90 code [0x00000239d1823e40, 0x00000239d1826b30]
Event: 22.068 Thread 0x00000239f20a5100 11583       4       java.lang.invoke.DirectMethodHandle$Holder::invokeStatic (21 bytes)
Event: 22.069 Thread 0x00000239f20a5100 nmethod 11583 0x00000239d1828290 code [0x00000239d1828420, 0x00000239d1828520]
Event: 22.069 Thread 0x00000239f20a5100 11584       4       java.lang.invoke.LambdaForm$MH/0x00000001000d7800::invoke (32 bytes)
Event: 22.070 Thread 0x00000239f20a5100 nmethod 11584 0x00000239d1828610 code [0x00000239d18287c0, 0x00000239d1828910]
Event: 22.070 Thread 0x00000239f20a5100 11646       4       com.google.gson.stream.JsonWriter::beforeName (49 bytes)
Event: 22.081 Thread 0x00000239f20a5100 nmethod 11646 0x00000239d1828a90 code [0x00000239d1828cc0, 0x00000239d1829820]
Event: 22.278 Thread 0x00000239e6c23790 nmethod 11605 0x00000239d1829f90 code [0x00000239d182a680, 0x00000239d182f088]
Event: 22.480 Thread 0x00000239e1b9b090 nmethod 11643 0x00000239d1832410 code [0x00000239d1833100, 0x00000239d183ca98]

GC Heap History (20 events):
Event: 21.668 GC heap before
{Heap before GC invocations=293 (full 3):
 PSYoungGen      total 2560K, used 1792K [0x00000000d5580000, 0x00000000d5980000, 0x0000000100000000)
  eden space 1536K, 100% used [0x00000000d5580000,0x00000000d5700000,0x00000000d5700000)
  from space 1024K, 25% used [0x00000000d5780000,0x00000000d57c0000,0x00000000d5880000)
  to   space 512K, 0% used [0x00000000d5900000,0x00000000d5900000,0x00000000d5980000)
 ParOldGen       total 223744K, used 223581K [0x0000000080000000, 0x000000008da80000, 0x00000000d5580000)
  object space 223744K, 99% used [0x0000000080000000,0x000000008da575c8,0x000000008da80000)
 Metaspace       used 74087K, committed 75584K, reserved 1179648K
  class space    used 7706K, committed 8320K, reserved 1048576K
}
Event: 21.668 GC heap after
{Heap after GC invocations=293 (full 3):
 PSYoungGen      total 2048K, used 224K [0x00000000d5580000, 0x00000000d5980000, 0x0000000100000000)
  eden space 1536K, 0% used [0x00000000d5580000,0x00000000d5580000,0x00000000d5700000)
  from space 512K, 43% used [0x00000000d5900000,0x00000000d5938000,0x00000000d5980000)
  to   space 512K, 0% used [0x00000000d5880000,0x00000000d5880000,0x00000000d5900000)
 ParOldGen       total 223744K, used 223637K [0x0000000080000000, 0x000000008da80000, 0x00000000d5580000)
  object space 223744K, 99% used [0x0000000080000000,0x000000008da655c8,0x000000008da80000)
 Metaspace       used 74087K, committed 75584K, reserved 1179648K
  class space    used 7706K, committed 8320K, reserved 1048576K
}
Event: 21.731 GC heap before
{Heap before GC invocations=294 (full 3):
 PSYoungGen      total 2048K, used 1760K [0x00000000d5580000, 0x00000000d5980000, 0x0000000100000000)
  eden space 1536K, 100% used [0x00000000d5580000,0x00000000d5700000,0x00000000d5700000)
  from space 512K, 43% used [0x00000000d5900000,0x00000000d5938000,0x00000000d5980000)
  to   space 512K, 0% used [0x00000000d5880000,0x00000000d5880000,0x00000000d5900000)
 ParOldGen       total 223744K, used 223637K [0x0000000080000000, 0x000000008da80000, 0x00000000d5580000)
  object space 223744K, 99% used [0x0000000080000000,0x000000008da655c8,0x000000008da80000)
 Metaspace       used 74120K, committed 75584K, reserved 1179648K
  class space    used 7706K, committed 8320K, reserved 1048576K
}
Event: 21.731 GC heap after
{Heap after GC invocations=294 (full 3):
 PSYoungGen      total 2048K, used 320K [0x00000000d5580000, 0x00000000d5980000, 0x0000000100000000)
  eden space 1536K, 0% used [0x00000000d5580000,0x00000000d5580000,0x00000000d5700000)
  from space 512K, 62% used [0x00000000d5880000,0x00000000d58d0000,0x00000000d5900000)
  to   space 512K, 0% used [0x00000000d5900000,0x00000000d5900000,0x00000000d5980000)
 ParOldGen       total 223744K, used 223669K [0x0000000080000000, 0x000000008da80000, 0x00000000d5580000)
  object space 223744K, 99% used [0x0000000080000000,0x000000008da6d5c8,0x000000008da80000)
 Metaspace       used 74120K, committed 75584K, reserved 1179648K
  class space    used 7706K, committed 8320K, reserved 1048576K
}
Event: 21.762 GC heap before
{Heap before GC invocations=295 (full 3):
 PSYoungGen      total 2048K, used 1854K [0x00000000d5580000, 0x00000000d5980000, 0x0000000100000000)
  eden space 1536K, 99% used [0x00000000d5580000,0x00000000d56ffbc8,0x00000000d5700000)
  from space 512K, 62% used [0x00000000d5880000,0x00000000d58d0000,0x00000000d5900000)
  to   space 512K, 0% used [0x00000000d5900000,0x00000000d5900000,0x00000000d5980000)
 ParOldGen       total 223744K, used 223669K [0x0000000080000000, 0x000000008da80000, 0x00000000d5580000)
  object space 223744K, 99% used [0x0000000080000000,0x000000008da6d5c8,0x000000008da80000)
 Metaspace       used 74285K, committed 75712K, reserved 1179648K
  class space    used 7727K, committed 8320K, reserved 1048576K
}
Event: 21.763 GC heap after
{Heap after GC invocations=295 (full 3):
 PSYoungGen      total 2048K, used 358K [0x00000000d5580000, 0x00000000d5980000, 0x0000000100000000)
  eden space 1536K, 0% used [0x00000000d5580000,0x00000000d5580000,0x00000000d5700000)
  from space 512K, 70% used [0x00000000d5900000,0x00000000d5959b40,0x00000000d5980000)
  to   space 512K, 0% used [0x00000000d5880000,0x00000000d5880000,0x00000000d5900000)
 ParOldGen       total 224256K, used 223781K [0x0000000080000000, 0x000000008db00000, 0x00000000d5580000)
  object space 224256K, 99% used [0x0000000080000000,0x000000008da895c8,0x000000008db00000)
 Metaspace       used 74285K, committed 75712K, reserved 1179648K
  class space    used 7727K, committed 8320K, reserved 1048576K
}
Event: 21.799 GC heap before
{Heap before GC invocations=296 (full 3):
 PSYoungGen      total 2048K, used 1894K [0x00000000d5580000, 0x00000000d5980000, 0x0000000100000000)
  eden space 1536K, 99% used [0x00000000d5580000,0x00000000d56fffc0,0x00000000d5700000)
  from space 512K, 70% used [0x00000000d5900000,0x00000000d5959b40,0x00000000d5980000)
  to   space 512K, 0% used [0x00000000d5880000,0x00000000d5880000,0x00000000d5900000)
 ParOldGen       total 224256K, used 223781K [0x0000000080000000, 0x000000008db00000, 0x00000000d5580000)
  object space 224256K, 99% used [0x0000000080000000,0x000000008da895c8,0x000000008db00000)
 Metaspace       used 74435K, committed 75904K, reserved 1179648K
  class space    used 7736K, committed 8320K, reserved 1048576K
}
Event: 21.800 GC heap after
{Heap after GC invocations=296 (full 3):
 PSYoungGen      total 2048K, used 352K [0x00000000d5580000, 0x00000000d5980000, 0x0000000100000000)
  eden space 1536K, 0% used [0x00000000d5580000,0x00000000d5580000,0x00000000d5700000)
  from space 512K, 68% used [0x00000000d5880000,0x00000000d58d8000,0x00000000d5900000)
  to   space 512K, 0% used [0x00000000d5900000,0x00000000d5900000,0x00000000d5980000)
 ParOldGen       total 224256K, used 223869K [0x0000000080000000, 0x000000008db00000, 0x00000000d5580000)
  object space 224256K, 99% used [0x0000000080000000,0x000000008da9f5c8,0x000000008db00000)
 Metaspace       used 74435K, committed 75904K, reserved 1179648K
  class space    used 7736K, committed 8320K, reserved 1048576K
}
Event: 21.842 GC heap before
{Heap before GC invocations=297 (full 3):
 PSYoungGen      total 2048K, used 1884K [0x00000000d5580000, 0x00000000d5980000, 0x0000000100000000)
  eden space 1536K, 99% used [0x00000000d5580000,0x00000000d56ff188,0x00000000d5700000)
  from space 512K, 68% used [0x00000000d5880000,0x00000000d58d8000,0x00000000d5900000)
  to   space 512K, 0% used [0x00000000d5900000,0x00000000d5900000,0x00000000d5980000)
 ParOldGen       total 224256K, used 223869K [0x0000000080000000, 0x000000008db00000, 0x00000000d5580000)
  object space 224256K, 99% used [0x0000000080000000,0x000000008da9f5c8,0x000000008db00000)
 Metaspace       used 74537K, committed 75968K, reserved 1179648K
  class space    used 7744K, committed 8320K, reserved 1048576K
}
Event: 21.843 GC heap after
{Heap after GC invocations=297 (full 3):
 PSYoungGen      total 2048K, used 256K [0x00000000d5580000, 0x00000000d5980000, 0x0000000100000000)
  eden space 1536K, 0% used [0x00000000d5580000,0x00000000d5580000,0x00000000d5700000)
  from space 512K, 50% used [0x00000000d5900000,0x00000000d5940000,0x00000000d5980000)
  to   space 512K, 0% used [0x00000000d5880000,0x00000000d5880000,0x00000000d5900000)
 ParOldGen       total 224256K, used 224069K [0x0000000080000000, 0x000000008db00000, 0x00000000d5580000)
  object space 224256K, 99% used [0x0000000080000000,0x000000008dad15c8,0x000000008db00000)
 Metaspace       used 74537K, committed 75968K, reserved 1179648K
  class space    used 7744K, committed 8320K, reserved 1048576K
}
Event: 21.871 GC heap before
{Heap before GC invocations=298 (full 3):
 PSYoungGen      total 2048K, used 1791K [0x00000000d5580000, 0x00000000d5980000, 0x0000000100000000)
  eden space 1536K, 99% used [0x00000000d5580000,0x00000000d56ffff0,0x00000000d5700000)
  from space 512K, 50% used [0x00000000d5900000,0x00000000d5940000,0x00000000d5980000)
  to   space 512K, 0% used [0x00000000d5880000,0x00000000d5880000,0x00000000d5900000)
 ParOldGen       total 224256K, used 224069K [0x0000000080000000, 0x000000008db00000, 0x00000000d5580000)
  object space 224256K, 99% used [0x0000000080000000,0x000000008dad15c8,0x000000008db00000)
 Metaspace       used 74705K, committed 76160K, reserved 1179648K
  class space    used 7761K, committed 8384K, reserved 1048576K
}
Event: 21.872 GC heap after
{Heap after GC invocations=298 (full 3):
 PSYoungGen      total 2048K, used 416K [0x00000000d5580000, 0x00000000d5980000, 0x0000000100000000)
  eden space 1536K, 0% used [0x00000000d5580000,0x00000000d5580000,0x00000000d5700000)
  from space 512K, 81% used [0x00000000d5880000,0x00000000d58e8020,0x00000000d5900000)
  to   space 512K, 0% used [0x00000000d5900000,0x00000000d5900000,0x00000000d5980000)
 ParOldGen       total 224256K, used 224157K [0x0000000080000000, 0x000000008db00000, 0x00000000d5580000)
  object space 224256K, 99% used [0x0000000080000000,0x000000008dae75c8,0x000000008db00000)
 Metaspace       used 74705K, committed 76160K, reserved 1179648K
  class space    used 7761K, committed 8384K, reserved 1048576K
}
Event: 21.886 GC heap before
{Heap before GC invocations=299 (full 3):
 PSYoungGen      total 2048K, used 1952K [0x00000000d5580000, 0x00000000d5980000, 0x0000000100000000)
  eden space 1536K, 100% used [0x00000000d5580000,0x00000000d5700000,0x00000000d5700000)
  from space 512K, 81% used [0x00000000d5880000,0x00000000d58e8020,0x00000000d5900000)
  to   space 512K, 0% used [0x00000000d5900000,0x00000000d5900000,0x00000000d5980000)
 ParOldGen       total 224256K, used 224157K [0x0000000080000000, 0x000000008db00000, 0x00000000d5580000)
  object space 224256K, 99% used [0x0000000080000000,0x000000008dae75c8,0x000000008db00000)
 Metaspace       used 74797K, committed 76352K, reserved 1179648K
  class space    used 7772K, committed 8384K, reserved 1048576K
}
Event: 21.887 GC heap after
{Heap after GC invocations=299 (full 3):
 PSYoungGen      total 2048K, used 256K [0x00000000d5580000, 0x00000000d5980000, 0x0000000100000000)
  eden space 1536K, 0% used [0x00000000d5580000,0x00000000d5580000,0x00000000d5700000)
  from space 512K, 50% used [0x00000000d5900000,0x00000000d5940000,0x00000000d5980000)
  to   space 512K, 0% used [0x00000000d5880000,0x00000000d5880000,0x00000000d5900000)
 ParOldGen       total 224768K, used 224386K [0x0000000080000000, 0x000000008db80000, 0x00000000d5580000)
  object space 224768K, 99% used [0x0000000080000000,0x000000008db208a8,0x000000008db80000)
 Metaspace       used 74797K, committed 76352K, reserved 1179648K
  class space    used 7772K, committed 8384K, reserved 1048576K
}
Event: 21.911 GC heap before
{Heap before GC invocations=300 (full 3):
 PSYoungGen      total 2048K, used 1775K [0x00000000d5580000, 0x00000000d5980000, 0x0000000100000000)
  eden space 1536K, 98% used [0x00000000d5580000,0x00000000d56fbe50,0x00000000d5700000)
  from space 512K, 50% used [0x00000000d5900000,0x00000000d5940000,0x00000000d5980000)
  to   space 512K, 0% used [0x00000000d5880000,0x00000000d5880000,0x00000000d5900000)
 ParOldGen       total 224768K, used 224386K [0x0000000080000000, 0x000000008db80000, 0x00000000d5580000)
  object space 224768K, 99% used [0x0000000080000000,0x000000008db208a8,0x000000008db80000)
 Metaspace       used 74853K, committed 76352K, reserved 1179648K
  class space    used 7778K, committed 8384K, reserved 1048576K
}
Event: 21.913 GC heap after
{Heap after GC invocations=300 (full 3):
 PSYoungGen      total 2048K, used 304K [0x00000000d5580000, 0x00000000d5980000, 0x0000000100000000)
  eden space 1536K, 0% used [0x00000000d5580000,0x00000000d5580000,0x00000000d5700000)
  from space 512K, 59% used [0x00000000d5880000,0x00000000d58cc010,0x00000000d5900000)
  to   space 512K, 0% used [0x00000000d5900000,0x00000000d5900000,0x00000000d5980000)
 ParOldGen       total 224768K, used 224514K [0x0000000080000000, 0x000000008db80000, 0x00000000d5580000)
  object space 224768K, 99% used [0x0000000080000000,0x000000008db408a8,0x000000008db80000)
 Metaspace       used 74853K, committed 76352K, reserved 1179648K
  class space    used 7778K, committed 8384K, reserved 1048576K
}
Event: 21.969 GC heap before
{Heap before GC invocations=301 (full 3):
 PSYoungGen      total 2048K, used 1840K [0x00000000d5580000, 0x00000000d5980000, 0x0000000100000000)
  eden space 1536K, 99% used [0x00000000d5580000,0x00000000d56ffff0,0x00000000d5700000)
  from space 512K, 59% used [0x00000000d5880000,0x00000000d58cc010,0x00000000d5900000)
  to   space 512K, 0% used [0x00000000d5900000,0x00000000d5900000,0x00000000d5980000)
 ParOldGen       total 224768K, used 224514K [0x0000000080000000, 0x000000008db80000, 0x00000000d5580000)
  object space 224768K, 99% used [0x0000000080000000,0x000000008db408a8,0x000000008db80000)
 Metaspace       used 74956K, committed 76480K, reserved 1179648K
  class space    used 7789K, committed 8384K, reserved 1048576K
}
Event: 21.970 GC heap after
{Heap after GC invocations=301 (full 3):
 PSYoungGen      total 2048K, used 288K [0x00000000d5580000, 0x00000000d5980000, 0x0000000100000000)
  eden space 1536K, 0% used [0x00000000d5580000,0x00000000d5580000,0x00000000d5700000)
  from space 512K, 56% used [0x00000000d5900000,0x00000000d5948000,0x00000000d5980000)
  to   space 512K, 0% used [0x00000000d5880000,0x00000000d5880000,0x00000000d5900000)
 ParOldGen       total 225280K, used 225034K [0x0000000080000000, 0x000000008dc00000, 0x00000000d5580000)
  object space 225280K, 99% used [0x0000000080000000,0x000000008dbc28d8,0x000000008dc00000)
 Metaspace       used 74956K, committed 76480K, reserved 1179648K
  class space    used 7789K, committed 8384K, reserved 1048576K
}
Event: 22.046 GC heap before
{Heap before GC invocations=302 (full 3):
 PSYoungGen      total 2048K, used 1824K [0x00000000d5580000, 0x00000000d5980000, 0x0000000100000000)
  eden space 1536K, 100% used [0x00000000d5580000,0x00000000d5700000,0x00000000d5700000)
  from space 512K, 56% used [0x00000000d5900000,0x00000000d5948000,0x00000000d5980000)
  to   space 512K, 0% used [0x00000000d5880000,0x00000000d5880000,0x00000000d5900000)
 ParOldGen       total 225280K, used 225034K [0x0000000080000000, 0x000000008dc00000, 0x00000000d5580000)
  object space 225280K, 99% used [0x0000000080000000,0x000000008dbc28d8,0x000000008dc00000)
 Metaspace       used 75027K, committed 76544K, reserved 1179648K
  class space    used 7799K, committed 8384K, reserved 1048576K
}
Event: 22.047 GC heap after
{Heap after GC invocations=302 (full 3):
 PSYoungGen      total 2048K, used 436K [0x00000000d5580000, 0x00000000d5980000, 0x0000000100000000)
  eden space 1536K, 0% used [0x00000000d5580000,0x00000000d5580000,0x00000000d5700000)
  from space 512K, 85% used [0x00000000d5880000,0x00000000d58ed2e0,0x00000000d5900000)
  to   space 512K, 0% used [0x00000000d5900000,0x00000000d5900000,0x00000000d5980000)
 ParOldGen       total 225280K, used 225090K [0x0000000080000000, 0x000000008dc00000, 0x00000000d5580000)
  object space 225280K, 99% used [0x0000000080000000,0x000000008dbd08d8,0x000000008dc00000)
 Metaspace       used 75027K, committed 76544K, reserved 1179648K
  class space    used 7799K, committed 8384K, reserved 1048576K
}

Dll operation events (10 events):
Event: 0.012 Loaded shared library c:\Users\Bruno\.vscode\extensions\redhat.java-1.54.2026032008-win32-x64\jre\21.0.10-win32-x86_64\bin\java.dll
Event: 0.018 Loaded shared library c:\Users\Bruno\.vscode\extensions\redhat.java-1.54.2026032008-win32-x64\jre\21.0.10-win32-x86_64\bin\zip.dll
Event: 0.210 Loaded shared library C:\Users\Bruno\.vscode\extensions\redhat.java-1.54.2026032008-win32-x64\jre\21.0.10-win32-x86_64\bin\instrument.dll
Event: 0.224 Loaded shared library C:\Users\Bruno\.vscode\extensions\redhat.java-1.54.2026032008-win32-x64\jre\21.0.10-win32-x86_64\bin\net.dll
Event: 0.227 Loaded shared library C:\Users\Bruno\.vscode\extensions\redhat.java-1.54.2026032008-win32-x64\jre\21.0.10-win32-x86_64\bin\nio.dll
Event: 0.238 Loaded shared library C:\Users\Bruno\.vscode\extensions\redhat.java-1.54.2026032008-win32-x64\jre\21.0.10-win32-x86_64\bin\zip.dll
Event: 0.266 Loaded shared library C:\Users\Bruno\.vscode\extensions\redhat.java-1.54.2026032008-win32-x64\jre\21.0.10-win32-x86_64\bin\jimage.dll
Event: 0.404 Loaded shared library c:\Users\Bruno\.vscode\extensions\redhat.java-1.54.2026032008-win32-x64\jre\21.0.10-win32-x86_64\bin\verify.dll
Event: 1.633 Loaded shared library C:\Users\Bruno\AppData\Roaming\Code\User\globalStorage\redhat.java\1.54.2026032008\config_win\org.eclipse.equinox.launcher\org.eclipse.equinox.launcher.win32.win32.x86_64_1.3.0.v20260203-2149\eclipse_11919.dll
Event: 3.486 Loaded shared library C:\Users\Bruno\AppData\Local\Temp\jna-64464518\jna12074832554038967586.dll

Deoptimization events (20 events):
Event: 21.850 Thread 0x00000239e43db6f0 Uncommon trap: trap_request=0xffffffde fr.pc=0x00000239d15d271c relative=0x000000000000077c
Event: 21.850 Thread 0x00000239e43db6f0 Uncommon trap: reason=class_check action=maybe_recompile pc=0x00000239d15d271c method=java.util.ImmutableCollections.listCopy(Ljava/util/Collection;)Ljava/util/List; @ 32 c2
Event: 21.851 Thread 0x00000239e43db6f0 DEOPT PACKING pc=0x00000239d15d271c sp=0x0000004b5affe640
Event: 21.851 Thread 0x00000239e43db6f0 DEOPT UNPACKING pc=0x00000239d0b13aa2 sp=0x0000004b5affe610 mode 2
Event: 21.851 Thread 0x00000239e43db6f0 Uncommon trap: trap_request=0xffffffde fr.pc=0x00000239d15d271c relative=0x000000000000077c
Event: 21.851 Thread 0x00000239e43db6f0 Uncommon trap: reason=class_check action=maybe_recompile pc=0x00000239d15d271c method=java.util.ImmutableCollections.listCopy(Ljava/util/Collection;)Ljava/util/List; @ 32 c2
Event: 21.851 Thread 0x00000239e43db6f0 DEOPT PACKING pc=0x00000239d15d271c sp=0x0000004b5affe630
Event: 21.851 Thread 0x00000239e43db6f0 DEOPT UNPACKING pc=0x00000239d0b13aa2 sp=0x0000004b5affe600 mode 2
Event: 21.851 Thread 0x00000239e43db6f0 Uncommon trap: trap_request=0xffffffde fr.pc=0x00000239d15d271c relative=0x000000000000077c
Event: 21.851 Thread 0x00000239e43db6f0 Uncommon trap: reason=class_check action=maybe_recompile pc=0x00000239d15d271c method=java.util.ImmutableCollections.listCopy(Ljava/util/Collection;)Ljava/util/List; @ 32 c2
Event: 21.851 Thread 0x00000239e43db6f0 DEOPT PACKING pc=0x00000239d15d271c sp=0x0000004b5affe630
Event: 21.851 Thread 0x00000239e43db6f0 DEOPT UNPACKING pc=0x00000239d0b13aa2 sp=0x0000004b5affe600 mode 2
Event: 21.865 Thread 0x00000239e501c160 Uncommon trap: trap_request=0xffffffde fr.pc=0x00000239d1509ae4 relative=0x0000000000001de4
Event: 21.865 Thread 0x00000239e501c160 Uncommon trap: reason=class_check action=maybe_recompile pc=0x00000239d1509ae4 method=com.google.gson.stream.JsonWriter.string(Ljava/lang/String;)V @ 23 c2
Event: 21.865 Thread 0x00000239e501c160 DEOPT PACKING pc=0x00000239d1509ae4 sp=0x0000004b5c7fe2e0
Event: 21.865 Thread 0x00000239e501c160 DEOPT UNPACKING pc=0x00000239d0b13aa2 sp=0x0000004b5c7fe2d8 mode 2
Event: 22.033 Thread 0x00000239e43dde50 Uncommon trap: trap_request=0xffffff45 fr.pc=0x00000239d16a00c4 relative=0x00000000000023e4
Event: 22.033 Thread 0x00000239e43dde50 Uncommon trap: reason=unstable_if action=reinterpret pc=0x00000239d16a00c4 method=org.eclipse.jdt.internal.compiler.parser.Scanner.internalScanIdentifierOrKeyword(II[C)Lorg/eclipse/jdt/internal/compiler/parser/TerminalToken; @ 4243 c2
Event: 22.033 Thread 0x00000239e43dde50 DEOPT PACKING pc=0x00000239d16a00c4 sp=0x0000004b5a6fe400
Event: 22.033 Thread 0x00000239e43dde50 DEOPT UNPACKING pc=0x00000239d0b13aa2 sp=0x0000004b5a6fe3b0 mode 2

Classes loaded (20 events):
Event: 18.703 Loading class java/nio/file/Files$2
Event: 18.703 Loading class java/nio/file/Files$2 done
Event: 19.070 Loading class java/util/stream/DistinctOps
Event: 19.070 Loading class java/util/stream/DistinctOps done
Event: 19.070 Loading class java/util/stream/DistinctOps$1
Event: 19.070 Loading class java/util/stream/DistinctOps$1 done
Event: 19.088 Loading class java/util/stream/DistinctOps$1$2
Event: 19.088 Loading class java/util/stream/DistinctOps$1$2 done
Event: 19.507 Loading class sun/nio/cs/ISO_8859_1$Decoder
Event: 19.525 Loading class sun/nio/cs/ISO_8859_1$Decoder done
Event: 20.176 Loading class java/lang/invoke/MethodHandleImpl$CountingWrapper$1
Event: 20.176 Loading class java/lang/invoke/MethodHandleImpl$CountingWrapper$1 done
Event: 21.742 Loading class java/util/AbstractList$RandomAccessSubList
Event: 21.742 Loading class java/util/AbstractList$SubList
Event: 21.742 Loading class java/util/AbstractList$SubList done
Event: 21.742 Loading class java/util/AbstractList$RandomAccessSubList done
Event: 21.742 Loading class java/util/AbstractList$SubList$1
Event: 21.743 Loading class java/util/AbstractList$SubList$1 done
Event: 21.759 Loading class java/util/ImmutableCollections$SubList
Event: 21.759 Loading class java/util/ImmutableCollections$SubList done

Classes unloaded (7 events):
Event: 4.805 Thread 0x00000239c6330580 Unloading class 0x0000000100292c00 'java/lang/invoke/LambdaForm$MH+0x0000000100292c00'
Event: 4.805 Thread 0x00000239c6330580 Unloading class 0x0000000100292800 'java/lang/invoke/LambdaForm$MH+0x0000000100292800'
Event: 4.805 Thread 0x00000239c6330580 Unloading class 0x0000000100292400 'java/lang/invoke/LambdaForm$MH+0x0000000100292400'
Event: 4.805 Thread 0x00000239c6330580 Unloading class 0x0000000100292000 'java/lang/invoke/LambdaForm$MH+0x0000000100292000'
Event: 4.805 Thread 0x00000239c6330580 Unloading class 0x0000000100291c00 'java/lang/invoke/LambdaForm$BMH+0x0000000100291c00'
Event: 4.805 Thread 0x00000239c6330580 Unloading class 0x0000000100291800 'java/lang/invoke/LambdaForm$DMH+0x0000000100291800'
Event: 4.805 Thread 0x00000239c6330580 Unloading class 0x0000000100290400 'java/lang/invoke/LambdaForm$DMH+0x0000000100290400'

Classes redefined (0 events):
No events

Internal exceptions (20 events):
Event: 18.867 Thread 0x00000239e43de4e0 Exception <a 'java/io/FileNotFoundException'{0x00000000d5a75940}> (0x00000000d5a75940) 
thrown [s\src\hotspot\share\prims\jni.cpp, line 520]
Event: 19.862 Thread 0x00000239e43dde50 Implicit null exception at 0x00000239d1729ce2 to 0x00000239d1729ed9
Event: 19.885 Thread 0x00000239e43dde50 Exception <a 'sun/nio/fs/WindowsException'{0x00000000d58a0668}> (0x00000000d58a0668) 
thrown [s\src\hotspot\share\prims\jni.cpp, line 520]
Event: 19.885 Thread 0x00000239e43dde50 Exception <a 'sun/nio/fs/WindowsException'{0x00000000d58a0d40}> (0x00000000d58a0d40) 
thrown [s\src\hotspot\share\prims\jni.cpp, line 520]
Event: 20.042 Thread 0x00000239e7b1a640 Exception <a 'java/lang/IncompatibleClassChangeError'{0x00000000d568f8f8}: Found class java.lang.Object, but interface was expected> (0x00000000d568f8f8) 
thrown [s\src\hotspot\share\interpreter\linkResolver.cpp, line 840]
Event: 20.049 Thread 0x00000239e501dba0 Exception <a 'java/lang/NoSuchMethodError'{0x00000000d57772a0}: 'java.lang.Object java.lang.invoke.DirectMethodHandle$Holder.invokeSpecial(java.lang.Object, java.lang.Object, java.lang.Object, java.lang.Object, int, java.lang.Object, java.lang.Object)'> (0x00000000d57772a0) 
thrown [s\src\hotspot\share\interpreter\linkResolver.cpp, line 773]
Event: 20.268 Thread 0x00000239e43db060 Exception <a 'sun/nio/fs/WindowsException'{0x00000000d5657a50}> (0x00000000d5657a50) 
thrown [s\src\hotspot\share\prims\jni.cpp, line 520]
Event: 20.268 Thread 0x00000239e43db060 Exception <a 'sun/nio/fs/WindowsException'{0x00000000d565cf68}> (0x00000000d565cf68) 
thrown [s\src\hotspot\share\prims\jni.cpp, line 520]
Event: 20.271 Thread 0x00000239e43db060 Exception <a 'sun/nio/fs/WindowsException'{0x00000000d568d820}> (0x00000000d568d820) 
thrown [s\src\hotspot\share\prims\jni.cpp, line 520]
Event: 20.271 Thread 0x00000239e43db060 Exception <a 'sun/nio/fs/WindowsException'{0x00000000d568e148}> (0x00000000d568e148) 
thrown [s\src\hotspot\share\prims\jni.cpp, line 520]
Event: 20.636 Thread 0x00000239e501adb0 Exception <a 'sun/nio/fs/WindowsException'{0x00000000d56681c8}> (0x00000000d56681c8) 
thrown [s\src\hotspot\share\prims\jni.cpp, line 520]
Event: 20.636 Thread 0x00000239e501adb0 Exception <a 'sun/nio/fs/WindowsException'{0x00000000d5675268}> (0x00000000d5675268) 
thrown [s\src\hotspot\share\prims\jni.cpp, line 520]
Event: 20.636 Thread 0x00000239e501adb0 Exception <a 'sun/nio/fs/WindowsException'{0x00000000d567c608}> (0x00000000d567c608) 
thrown [s\src\hotspot\share\prims\jni.cpp, line 520]
Event: 20.636 Thread 0x00000239e501adb0 Exception <a 'sun/nio/fs/WindowsException'{0x00000000d5696be0}> (0x00000000d5696be0) 
thrown [s\src\hotspot\share\prims\jni.cpp, line 520]
Event: 20.637 Thread 0x00000239e501adb0 Exception <a 'sun/nio/fs/WindowsException'{0x00000000d569ee48}> (0x00000000d569ee48) 
thrown [s\src\hotspot\share\prims\jni.cpp, line 520]
Event: 20.637 Thread 0x00000239e501adb0 Exception <a 'sun/nio/fs/WindowsException'{0x00000000d569fa18}> (0x00000000d569fa18) 
thrown [s\src\hotspot\share\prims\jni.cpp, line 520]
Event: 20.643 Thread 0x00000239e501adb0 Exception <a 'sun/nio/fs/WindowsException'{0x00000000d55b18f0}> (0x00000000d55b18f0) 
thrown [s\src\hotspot\share\prims\jni.cpp, line 520]
Event: 20.643 Thread 0x00000239e501adb0 Exception <a 'sun/nio/fs/WindowsException'{0x00000000d55b24c8}> (0x00000000d55b24c8) 
thrown [s\src\hotspot\share\prims\jni.cpp, line 520]
Event: 21.976 Thread 0x00000239e43dde50 Exception <a 'java/lang/NoSuchMethodError'{0x00000000d561e9d8}: 'java.lang.Object java.lang.invoke.DirectMethodHandle$Holder.invokeStatic(java.lang.Object, java.lang.Object, int, java.lang.Object)'> (0x00000000d561e9d8) 
thrown [s\src\hotspot\share\interpreter\linkResolver.cpp, line 773]
Event: 21.978 Thread 0x00000239e43dde50 Exception <a 'java/lang/NoSuchMethodError'{0x00000000d5625f20}: 'java.lang.Object java.lang.invoke.DirectMethodHandle$Holder.newInvokeSpecial(java.lang.Object, java.lang.Object, int)'> (0x00000000d5625f20) 
thrown [s\src\hotspot\share\interpreter\linkResolver.cpp, line 773]

ZGC Phase Switch (0 events):
No events

VM Operations (20 events):
Event: 21.762 Executing safepoint VM operation: ParallelGCFailedAllocation (Allocation Failure)
Event: 21.763 Executing safepoint VM operation: ParallelGCFailedAllocation (Allocation Failure) done
Event: 21.799 Executing safepoint VM operation: ParallelGCFailedAllocation (Allocation Failure)
Event: 21.800 Executing safepoint VM operation: ParallelGCFailedAllocation (Allocation Failure) done
Event: 21.842 Executing safepoint VM operation: ParallelGCFailedAllocation (Allocation Failure)
Event: 21.843 Executing safepoint VM operation: ParallelGCFailedAllocation (Allocation Failure) done
Event: 21.870 Executing safepoint VM operation: ParallelGCFailedAllocation (Allocation Failure)
Event: 21.872 Executing safepoint VM operation: ParallelGCFailedAllocation (Allocation Failure) done
Event: 21.886 Executing safepoint VM operation: ParallelGCFailedAllocation (Allocation Failure)
Event: 21.887 Executing safepoint VM operation: ParallelGCFailedAllocation (Allocation Failure) done
Event: 21.911 Executing safepoint VM operation: ParallelGCFailedAllocation (Allocation Failure)
Event: 21.913 Executing safepoint VM operation: ParallelGCFailedAllocation (Allocation Failure) done
Event: 21.965 Executing non-safepoint VM operation: HandshakeAllThreads (Deoptimize)
Event: 21.965 Executing non-safepoint VM operation: HandshakeAllThreads (Deoptimize) done
Event: 21.969 Executing safepoint VM operation: ParallelGCFailedAllocation (Allocation Failure)
Event: 21.970 Executing safepoint VM operation: ParallelGCFailedAllocation (Allocation Failure) done
Event: 22.046 Executing safepoint VM operation: ParallelGCFailedAllocation (Allocation Failure)
Event: 22.047 Executing safepoint VM operation: ParallelGCFailedAllocation (Allocation Failure) done
Event: 23.061 Executing safepoint VM operation: Cleanup
Event: 23.061 Executing safepoint VM operation: Cleanup done

Memory protections (0 events):
No events

Nmethod flushes (20 events):
Event: 11.199 Thread 0x00000239c6330580 flushing  nmethod 0x00000239c9c79290
Event: 11.199 Thread 0x00000239c6330580 flushing  nmethod 0x00000239c9c86810
Event: 11.199 Thread 0x00000239c6330580 flushing  nmethod 0x00000239c9c87190
Event: 11.199 Thread 0x00000239c6330580 flushing  nmethod 0x00000239c9cac690
Event: 11.199 Thread 0x00000239c6330580 flushing  nmethod 0x00000239c9cc8990
Event: 11.199 Thread 0x00000239c6330580 flushing  nmethod 0x00000239c9cc9d10
Event: 11.199 Thread 0x00000239c6330580 flushing  nmethod 0x00000239c9cca110
Event: 11.199 Thread 0x00000239c6330580 flushing  nmethod 0x00000239c9ccb090
Event: 11.199 Thread 0x00000239c6330580 flushing  nmethod 0x00000239c9ccca90
Event: 11.199 Thread 0x00000239c6330580 flushing  nmethod 0x00000239c9ccde90
Event: 11.199 Thread 0x00000239c6330580 flushing  nmethod 0x00000239c9ccee90
Event: 11.199 Thread 0x00000239c6330580 flushing  nmethod 0x00000239c9ce7f10
Event: 11.199 Thread 0x00000239c6330580 flushing  nmethod 0x00000239c9ce8390
Event: 11.199 Thread 0x00000239c6330580 flushing  nmethod 0x00000239c9ce9710
Event: 11.199 Thread 0x00000239c6330580 flushing  nmethod 0x00000239c9cea210
Event: 11.199 Thread 0x00000239c6330580 flushing  nmethod 0x00000239c9d05a90
Event: 11.199 Thread 0x00000239c6330580 flushing  nmethod 0x00000239c9d27710
Event: 11.199 Thread 0x00000239c6330580 flushing  nmethod 0x00000239c9d61d10
Event: 11.199 Thread 0x00000239c6330580 flushing  nmethod 0x00000239c9d62510
Event: 11.199 Thread 0x00000239c6330580 flushing  nmethod 0x00000239c9d71610

Events (20 events):
Event: 13.929 Thread 0x00000239e1bb25b0 Thread added: 0x00000239e6c23790
Event: 14.173 Thread 0x00000239e6c23790 Thread exited: 0x00000239e6c23790
Event: 14.498 Thread 0x00000239e1bb25b0 Thread added: 0x00000239e6c23790
Event: 14.505 Thread 0x00000239e1bb25b0 Thread added: 0x00000239e6d8c570
Event: 14.866 Thread 0x00000239e501c7f0 Thread added: 0x00000239e501e230
Event: 16.235 Thread 0x00000239e501e230 Thread exited: 0x00000239e501e230
Event: 18.079 Thread 0x00000239e43dde50 Thread added: 0x00000239e501ef50
Event: 18.082 Thread 0x00000239e43dde50 Thread added: 0x00000239e501bad0
Event: 18.083 Thread 0x00000239e43dde50 Thread added: 0x00000239e501f5e0
Event: 18.083 Thread 0x00000239e43dde50 Thread added: 0x00000239e5021d40
Event: 18.083 Thread 0x00000239e43dde50 Thread added: 0x00000239e5020300
Event: 19.608 Thread 0x00000239e501ef50 Thread exited: 0x00000239e501ef50
Event: 19.608 Thread 0x00000239e5020300 Thread exited: 0x00000239e5020300
Event: 19.610 Thread 0x00000239e501f5e0 Thread exited: 0x00000239e501f5e0
Event: 19.610 Thread 0x00000239e501bad0 Thread exited: 0x00000239e501bad0
Event: 19.611 Thread 0x00000239e5021d40 Thread exited: 0x00000239e5021d40
Event: 20.536 Thread 0x00000239e6d8c570 Thread exited: 0x00000239e6d8c570
Event: 21.344 Thread 0x00000239e6c23790 Thread exited: 0x00000239e6c23790
Event: 21.757 Thread 0x00000239e1bb25b0 Thread added: 0x00000239e6c23790
Event: 21.872 Thread 0x00000239e1bb25b0 Thread added: 0x00000239f20a5100


Dynamic libraries:
0x00007ff6d3170000 - 0x00007ff6d317e000 	c:\Users\Bruno\.vscode\extensions\redhat.java-1.54.2026032008-win32-x64\jre\21.0.10-win32-x86_64\bin\java.exe
0x00007ffdd3ec0000 - 0x00007ffdd4127000 	C:\WINDOWS\SYSTEM32\ntdll.dll
0x00007ffdd1d20000 - 0x00007ffdd1de9000 	C:\WINDOWS\System32\KERNEL32.DLL
0x00007ffdd1200000 - 0x00007ffdd15f1000 	C:\WINDOWS\System32\KERNELBASE.dll
0x00007ffdd1990000 - 0x00007ffdd1adb000 	C:\WINDOWS\System32\ucrtbase.dll
0x00007ffcd8470000 - 0x00007ffcd8488000 	c:\Users\Bruno\.vscode\extensions\redhat.java-1.54.2026032008-win32-x64\jre\21.0.10-win32-x86_64\bin\jli.dll
0x00007ffcd8450000 - 0x00007ffcd846e000 	c:\Users\Bruno\.vscode\extensions\redhat.java-1.54.2026032008-win32-x64\jre\21.0.10-win32-x86_64\bin\VCRUNTIME140.dll
0x00007ffdd2520000 - 0x00007ffdd26e5000 	C:\WINDOWS\System32\USER32.dll
0x00007ffdd07a0000 - 0x00007ffdd07c7000 	C:\WINDOWS\System32\win32u.dll
0x00007ffdd22d0000 - 0x00007ffdd22fb000 	C:\WINDOWS\System32\GDI32.dll
0x00007ffdc1a70000 - 0x00007ffdc1d03000 	C:\WINDOWS\WinSxS\amd64_microsoft.windows.common-controls_6595b64144ccf1df_6.0.26100.8037_none_3e092faae333b53b\COMCTL32.dll
0x00007ffdd0860000 - 0x00007ffdd098b000 	C:\WINDOWS\System32\gdi32full.dll
0x00007ffdd1600000 - 0x00007ffdd16a3000 	C:\WINDOWS\System32\msvcp_win.dll
0x00007ffdd3aa0000 - 0x00007ffdd3b49000 	C:\WINDOWS\System32\msvcrt.dll
0x00007ffdd2c30000 - 0x00007ffdd2c61000 	C:\WINDOWS\System32\IMM32.DLL
0x00007ffdb8120000 - 0x00007ffdb8212000 	C:\Program Files\Windhawk\Engine\1.7.3\64\windhawk.dll
0x00007ffdd2b70000 - 0x00007ffdd2c2b000 	C:\WINDOWS\System32\ADVAPI32.dll
0x00007ffdd3650000 - 0x00007ffdd36f7000 	C:\WINDOWS\System32\sechost.dll
0x00007ffdd3980000 - 0x00007ffdd3a98000 	C:\WINDOWS\System32\RPCRT4.dll
0x00007ffcf3ae0000 - 0x00007ffcf3aec000 	c:\Users\Bruno\.vscode\extensions\redhat.java-1.54.2026032008-win32-x64\jre\21.0.10-win32-x86_64\bin\vcruntime140_1.dll
0x00007ffccde80000 - 0x00007ffccdf0d000 	c:\Users\Bruno\.vscode\extensions\redhat.java-1.54.2026032008-win32-x64\jre\21.0.10-win32-x86_64\bin\msvcp140.dll
0x00007ffccd0d0000 - 0x00007ffccde71000 	c:\Users\Bruno\.vscode\extensions\redhat.java-1.54.2026032008-win32-x64\jre\21.0.10-win32-x86_64\bin\server\jvm.dll
0x00007ffdd3bd0000 - 0x00007ffdd3c44000 	C:\WINDOWS\System32\WS2_32.dll
0x00007ffdd0000000 - 0x00007ffdd005e000 	C:\WINDOWS\SYSTEM32\POWRPROF.dll
0x00007ffdca530000 - 0x00007ffdca565000 	C:\WINDOWS\SYSTEM32\WINMM.dll
0x00007ffdca570000 - 0x00007ffdca57b000 	C:\WINDOWS\SYSTEM32\VERSION.dll
0x00007ffdcffe0000 - 0x00007ffdcfff4000 	C:\WINDOWS\SYSTEM32\UMPDC.dll
0x00007ffdcf4f0000 - 0x00007ffdcf50b000 	C:\WINDOWS\SYSTEM32\kernel.appcore.dll
0x00007ffcebe60000 - 0x00007ffcebe6a000 	c:\Users\Bruno\.vscode\extensions\redhat.java-1.54.2026032008-win32-x64\jre\21.0.10-win32-x86_64\bin\jimage.dll
0x00007ffdc9860000 - 0x00007ffdc9aa2000 	C:\WINDOWS\SYSTEM32\DBGHELP.DLL
0x00007ffdd26f0000 - 0x00007ffdd2a72000 	C:\WINDOWS\System32\combase.dll
0x00007ffdd2a90000 - 0x00007ffdd2b67000 	C:\WINDOWS\System32\OLEAUT32.dll
0x00007ffdc11e0000 - 0x00007ffdc121b000 	C:\WINDOWS\SYSTEM32\dbgcore.DLL
0x00007ffdd18e0000 - 0x00007ffdd1985000 	C:\WINDOWS\System32\bcryptPrimitives.dll
0x00007ffcd9700000 - 0x00007ffcd970f000 	c:\Users\Bruno\.vscode\extensions\redhat.java-1.54.2026032008-win32-x64\jre\21.0.10-win32-x86_64\bin\instrument.dll
0x00007ffcce600000 - 0x00007ffcce620000 	c:\Users\Bruno\.vscode\extensions\redhat.java-1.54.2026032008-win32-x64\jre\21.0.10-win32-x86_64\bin\java.dll
0x00007ffcd90e0000 - 0x00007ffcd90f8000 	c:\Users\Bruno\.vscode\extensions\redhat.java-1.54.2026032008-win32-x64\jre\21.0.10-win32-x86_64\bin\zip.dll
0x00007ffdd2ee0000 - 0x00007ffdd363f000 	C:\WINDOWS\System32\SHELL32.dll
0x00007ffdd1770000 - 0x00007ffdd18da000 	C:\WINDOWS\System32\wintypes.dll
0x00007ffdd0990000 - 0x00007ffdd11f4000 	C:\WINDOWS\System32\windows.storage.dll
0x00007ffdd3700000 - 0x00007ffdd37f7000 	C:\WINDOWS\System32\SHCORE.dll
0x00007ffdd3800000 - 0x00007ffdd3867000 	C:\WINDOWS\System32\shlwapi.dll
0x00007ffdd06c0000 - 0x00007ffdd06e9000 	C:\WINDOWS\SYSTEM32\profapi.dll
0x00007ffcd9410000 - 0x00007ffcd9420000 	C:\Users\Bruno\.vscode\extensions\redhat.java-1.54.2026032008-win32-x64\jre\21.0.10-win32-x86_64\bin\net.dll
0x00007ffdca870000 - 0x00007ffdca997000 	C:\WINDOWS\SYSTEM32\WINHTTP.dll
0x00007ffdcfa40000 - 0x00007ffdcfaab000 	C:\WINDOWS\system32\mswsock.dll
0x00007ffcd90c0000 - 0x00007ffcd90d6000 	C:\Users\Bruno\.vscode\extensions\redhat.java-1.54.2026032008-win32-x64\jre\21.0.10-win32-x86_64\bin\nio.dll
0x00007ffcd90b0000 - 0x00007ffcd90c0000 	c:\Users\Bruno\.vscode\extensions\redhat.java-1.54.2026032008-win32-x64\jre\21.0.10-win32-x86_64\bin\verify.dll
0x00007ffd52f40000 - 0x00007ffd52f85000 	C:\Users\Bruno\AppData\Roaming\Code\User\globalStorage\redhat.java\1.54.2026032008\config_win\org.eclipse.equinox.launcher\org.eclipse.equinox.launcher.win32.win32.x86_64_1.3.0.v20260203-2149\eclipse_11919.dll
0x00007ffdd2380000 - 0x00007ffdd2515000 	C:\WINDOWS\System32\ole32.dll
0x00007ffdcfe40000 - 0x00007ffdcfe5b000 	C:\WINDOWS\SYSTEM32\CRYPTSP.dll
0x00007ffdcf450000 - 0x00007ffdcf489000 	C:\WINDOWS\system32\rsaenh.dll
0x00007ffdcfaf0000 - 0x00007ffdcfb22000 	C:\WINDOWS\SYSTEM32\USERENV.dll
0x00007ffdd0690000 - 0x00007ffdd06ba000 	C:\WINDOWS\SYSTEM32\bcrypt.dll
0x00007ffdcfca0000 - 0x00007ffdcfcac000 	C:\WINDOWS\SYSTEM32\CRYPTBASE.dll
0x00007ffdcee00000 - 0x00007ffdcee33000 	C:\WINDOWS\SYSTEM32\IPHLPAPI.DLL
0x00007ffdd3c80000 - 0x00007ffdd3c8a000 	C:\WINDOWS\System32\NSI.dll
0x00007ffd27820000 - 0x00007ffd27869000 	C:\Users\Bruno\AppData\Local\Temp\jna-64464518\jna12074832554038967586.dll
0x00007ffdd2c70000 - 0x00007ffdd2c78000 	C:\WINDOWS\System32\PSAPI.DLL
0x00007ffdca510000 - 0x00007ffdca52d000 	C:\WINDOWS\SYSTEM32\dhcpcsvc6.DLL
0x00007ffdca4e0000 - 0x00007ffdca503000 	C:\WINDOWS\SYSTEM32\dhcpcsvc.DLL

JVMTI agents:
c:\Users\Bruno\.vscode\extensions\redhat.java-1.54.2026032008-win32-x64\lombok\lombok-1.18.39-4050.jar path:c:\Users\Bruno\.vscode\extensions\redhat.java-1.54.2026032008-win32-x64\jre\21.0.10-win32-x86_64\bin\instrument.dll, loaded, initialized, instrumentlib options:none

dbghelp: loaded successfully - version: 4.0.5 - missing functions: none
symbol engine: initialized successfully - sym options: 0x614 - pdb path: .;c:\Users\Bruno\.vscode\extensions\redhat.java-1.54.2026032008-win32-x64\jre\21.0.10-win32-x86_64\bin;C:\WINDOWS\SYSTEM32;C:\WINDOWS\WinSxS\amd64_microsoft.windows.common-controls_6595b64144ccf1df_6.0.26100.8037_none_3e092faae333b53b;C:\Program Files\Windhawk\Engine\1.7.3\64;c:\Users\Bruno\.vscode\extensions\redhat.java-1.54.2026032008-win32-x64\jre\21.0.10-win32-x86_64\bin\server;C:\Users\Bruno\AppData\Roaming\Code\User\globalStorage\redhat.java\1.54.2026032008\config_win\org.eclipse.equinox.launcher\org.eclipse.equinox.launcher.win32.win32.x86_64_1.3.0.v20260203-2149;C:\Users\Bruno\AppData\Local\Temp\jna-64464518

VM Arguments:
jvm_args: --add-modules=ALL-SYSTEM --add-opens=java.base/java.util=ALL-UNNAMED --add-opens=java.base/java.lang=ALL-UNNAMED --add-opens=java.base/sun.nio.fs=ALL-UNNAMED -Declipse.application=org.eclipse.jdt.ls.core.id1 -Dosgi.bundles.defaultStartLevel=4 -Declipse.product=org.eclipse.jdt.ls.core.product -Djava.import.generatesMetadataFilesAtProjectRoot=false -DDetectVMInstallationsJob.disabled=true -Dfile.encoding=utf8 -XX:+UseParallelGC -XX:GCTimeRatio=4 -XX:AdaptiveSizePolicyWeight=90 -Dsun.zip.disableMemoryMapping=true -Xmx2G -Xms100m -Xlog:disable -javaagent:c:\Users\Bruno\.vscode\extensions\redhat.java-1.54.2026032008-win32-x64\lombok\lombok-1.18.39-4050.jar -XX:+HeapDumpOnOutOfMemoryError -XX:HeapDumpPath=c:\Users\Bruno\AppData\Roaming\Code\User\workspaceStorage\acb672938173eb4d4f9505e9f7b36360\redhat.java -Daether.dependencyCollector.impl=bf -XX:+UnlockDiagnosticVMOptions -XX:+AllowArchivingWithJavaAgent -XX:+AutoCreateSharedArchive -XX:SharedArchiveFile=c:\Users\Bruno\AppData\Roaming\Code\User\globalStorage\redhat.java\1.54.2026032008\jdtls.jsa 
java_command: c:\Users\Bruno\.vscode\extensions\redhat.java-1.54.2026032008-win32-x64\server\plugins\org.eclipse.equinox.launcher_1.7.100.v20251111-0406.jar -configuration c:\Users\Bruno\AppData\Roaming\Code\User\globalStorage\redhat.java\1.54.2026032008\config_win -data c:\Users\Bruno\AppData\Roaming\Code\User\workspaceStorage\acb672938173eb4d4f9505e9f7b36360\redhat.java\jdt_ws --pipe=\\.\pipe\lsp-3b293f5ba63b5b99d56f9903274d7b6b-sock
java_class_path (initial): c:\Users\Bruno\.vscode\extensions\redhat.java-1.54.2026032008-win32-x64\server\plugins\org.eclipse.equinox.launcher_1.7.100.v20251111-0406.jar
Launcher Type: SUN_STANDARD

[Global flags]
    uintx AdaptiveSizePolicyWeight                 = 90                                        {product} {command line}
     bool AllowArchivingWithJavaAgent              = true                             {JVMCI diagnostic} {command line}
     bool AutoCreateSharedArchive                  = false                               {JVMCI product} {command line}
     intx CICompilerCount                          = 4                                         {product} {ergonomic}
    uintx GCTimeRatio                              = 4                                         {product} {command line}
     bool HeapDumpOnOutOfMemoryError               = true                                   {manageable} {command line}
    ccstr HeapDumpPath                             = c:\Users\Bruno\AppData\Roaming\Code\User\workspaceStorage\acb672938173eb4d4f9505e9f7b36360\redhat.java         {manageable} {command line}
   size_t InitialHeapSize                          = 104857600                                 {product} {command line}
   size_t MaxHeapSize                              = 2147483648                                {product} {command line}
   size_t MaxNewSize                               = 715653120                                 {product} {ergonomic}
   size_t MinHeapDeltaBytes                        = 524288                                    {product} {ergonomic}
   size_t MinHeapSize                              = 104857600                                 {product} {command line}
   size_t NewSize                                  = 34603008                                  {product} {ergonomic}
    uintx NonNMethodCodeHeapSize                   = 5839372                                {pd product} {ergonomic}
    uintx NonProfiledCodeHeapSize                  = 122909434                              {pd product} {ergonomic}
   size_t OldSize                                  = 70254592                                  {product} {ergonomic}
    uintx ProfiledCodeHeapSize                     = 122909434                              {pd product} {ergonomic}
    uintx ReservedCodeCacheSize                    = 251658240                              {pd product} {ergonomic}
     bool SegmentedCodeCache                       = true                                      {product} {ergonomic}
    ccstr SharedArchiveFile                        = c:\Users\Bruno\AppData\Roaming\Code\User\globalStorage\redhat.java\1.54.2026032008\jdtls.jsa      {JVMCI product} {command line}
   size_t SoftMaxHeapSize                          = 2147483648                             {manageable} {ergonomic}
     bool UnlockDiagnosticVMOptions                = true                                   {diagnostic} {command line}
     bool UseCompressedOops                        = true                           {product lp64_product} {ergonomic}
     bool UseLargePagesIndividualAllocation        = false                                  {pd product} {ergonomic}
     bool UseParallelGC                            = true                                      {product} {command line}

Logging:
Log output configuration:
 #0: stdout all=off uptime,level,tags foldmultilines=false
 #1: stderr all=off uptime,level,tags foldmultilines=false

Release file:
JAVA_VERSION="21.0.10" 
MODULES="java.base java.compiler java.datatransfer java.xml java.prefs java.desktop java.instrument java.logging java.management java.security.sasl java.naming java.rmi java.management.rmi java.net.http java.scripting java.security.jgss java.transaction.xa java.sql java.sql.rowset java.xml.crypto java.se java.smartcardio jdk.accessibility jdk.internal.jvmstat jdk.attach jdk.charsets jdk.internal.opt jdk.zipfs jdk.compiler jdk.crypto.ec jdk.crypto.cryptoki jdk.crypto.mscapi jdk.dynalink jdk.internal.ed jdk.editpad jdk.hotspot.agent jdk.httpserver jdk.internal.le jdk.internal.vm.ci jdk.internal.vm.compiler jdk.internal.vm.compiler.management jdk.jartool jdk.javadoc jdk.jcmd jdk.management jdk.management.agent jdk.jconsole jdk.jdeps jdk.jdwp.agent jdk.jdi jdk.jfr jdk.jshell jdk.jsobject jdk.jstatd jdk.localedata jdk.management.jfr jdk.naming.dns jdk.naming.rmi jdk.net jdk.nio.mapmode jdk.random jdk.sctp jdk.security.auth jdk.security.jgss jdk.unsupported jdk.unsupported.desktop jdk.xml.dom" 

Environment Variables:
PATH=C:\Users\Bruno\AppData\Local\Programs\Microsoft VS Code;C:\Program Files\Eclipse Adoptium\jdk-25-hotspot\bin;C:\WINDOWS\system32;C:\WINDOWS;C:\WINDOWS\System32\Wbem;C:\WINDOWS\System32\WindowsPowerShell\v1.0\;C:\WINDOWS\System32\OpenSSH\;C:\Program Files\Git\cmd;C:\Program Files\nodejs\;C:\Program Files\dotnet\;C:\Program Files\Docker\Docker\resources\bin;C:\Program Files\Redis\;C:\Program Files\php-8.4.12;C:\Program Files\Go\bin;C:\Program Files\Apache\maven\apache-maven-3.9.12\bin;C:\Program Files (x86)\GnuWin32\bin;C:\Program Files\PowerShell\7\;C:\Program Files\k6\;C:\Users\Bruno\AppData\Local\Programs\Python\Python313\Scripts\;C:\Users\Bruno\AppData\Local\Programs\Python\Python313\;C:\Users\Bruno\AppData\Local\Microsoft\WindowsApps;C:\Users\Bruno\AppData\Local\Programs\Microsoft VS Code\bin;C:\Users\Bruno\AppData\Roaming\npm;C:\Users\Bruno\.dotnet\tools;C:\Users\Bruno\AppData\Local\Programs\Azure Dev CLI\;C:\Users\Bruno\go\bin;C:\Program Files\Apache\maven\apache-maven-3.9.12\bin;C:\Program Files (x86)\GnuWin32\bin
USERNAME=Bruno
OS=Windows_NT
PROCESSOR_IDENTIFIER=AMD64 Family 23 Model 8 Stepping 2, AuthenticAMD
TMP=C:\Users\Bruno\AppData\Local\Temp
TEMP=C:\Users\Bruno\AppData\Local\Temp




Periodic native trim disabled

---------------  S Y S T E M  ---------------

OS:
 Windows 11 , 64 bit Build 26100 (10.0.26100.7920)
OS uptime: 0 days 2:08 hours
Hyper-V role detected

CPU: total 12 (initial active 12) (12 cores per cpu, 2 threads per core) family 23 model 8 stepping 2 microcode 0x800820e, cx8, cmov, fxsr, ht, mmx, 3dnowpref, sse, sse2, sse3, ssse3, sse4a, sse4.1, sse4.2, popcnt, lzcnt, tsc, tscinvbit, avx, avx2, aes, clmul, bmi1, bmi2, adx, sha, fma, vzeroupper, clflush, clflushopt, hv, rdtscp, f16c
Processor Information for the first 12 processors :
  Max Mhz: 3850, Current Mhz: 3850, Mhz Limit: 3850

Memory: 4k page, system-wide physical 16309M (1801M free)
TotalPageFile size 23137M (AvailPageFile size 11M)
current process WorkingSet (physical memory assigned to process): 438M, peak: 473M
current process commit charge ("private bytes"): 515M, peak: 551M

vm_info: OpenJDK 64-Bit Server VM (21.0.10+7-LTS) for windows-amd64 JRE (21.0.10+7-LTS), built on 2026-01-20T00:00:00Z by "admin" with MS VC++ 17.12 (VS2022)

END.
